TN:
SF:/Users/steffanyb/Desktop/TriageBot/LabelCat/src/cli.js
FN:17,retrieveIssues
FN:22,(anonymous_1)
FN:36,getIssueInfo
FN:56,(anonymous_3)
FN:71,makeCSV
FN:91,(anonymous_5)
FNF:6
FNH:1
FNDA:0,retrieveIssues
FNDA:0,(anonymous_1)
FNDA:0,getIssueInfo
FNDA:0,(anonymous_3)
FNDA:1,makeCSV
FNDA:0,(anonymous_5)
DA:5,1
DA:6,1
DA:7,1
DA:8,1
DA:18,0
DA:19,0
DA:21,0
DA:22,0
DA:25,0
DA:28,0
DA:37,0
DA:38,0
DA:40,0
DA:41,0
DA:43,0
DA:45,0
DA:46,0
DA:48,0
DA:50,0
DA:51,0
DA:52,0
DA:53,0
DA:55,0
DA:56,0
DA:58,0
DA:60,0
DA:62,0
DA:72,1
DA:73,1
DA:74,1
DA:75,1
DA:78,1
DA:84,1
DA:85,0
DA:92,0
LF:35
LH:10
BRDA:84,0,0,0
BRDA:84,0,1,1
BRF:2
BRH:1
end_of_record
