TN:
SF:/Users/steffanyb/Desktop/TriageBot/LabelCat/src/cli.js
FN:17,retrieveIssues
FN:22,(anonymous_1)
FN:36,getIssueInfo
FN:74,makeCSV
FN:96,(anonymous_4)
FNF:5
FNH:1
FNDA:0,retrieveIssues
FNDA:0,(anonymous_1)
FNDA:1,getIssueInfo
FNDA:0,makeCSV
FNDA:0,(anonymous_4)
DA:5,1
DA:6,1
DA:7,1
DA:8,1
DA:18,0
DA:19,0
DA:21,0
DA:22,0
DA:25,0
DA:28,0
DA:37,1
DA:38,1
DA:40,1
DA:41,1
DA:43,1
DA:45,1
DA:46,1
DA:61,1
DA:62,1
DA:63,1
DA:65,0
DA:75,0
DA:76,0
DA:77,0
DA:78,0
DA:82,1
DA:89,1
DA:90,0
DA:97,0
LF:29
LH:16
BRDA:89,0,0,0
BRDA:89,0,1,1
BRF:2
BRH:1
end_of_record
